INFO: [VRFC 10-2263] Analyzing Verilog file "C:/Users/31930/Desktop/lab4/rtl/xilinx_ip/data_ram/sim/data_ram.v" into library xil_defaultlib
INFO: [VRFC 10-311] analyzing module data_ram
INFO: [VRFC 10-2263] Analyzing Verilog file "C:/Users/31930/Desktop/lab4/rtl/xilinx_ip/inst_ram/sim/inst_ram.v" into library xil_defaultlib
INFO: [VRFC 10-311] analyzing module inst_ram
INFO: [VRFC 10-2263] Analyzing Verilog file "C:/Users/31930/Desktop/lab4/project_1/project_1.srcs/sources_1/imports/rtl/adder.v" into library xil_defaultlib
INFO: [VRFC 10-311] analyzing module adder
INFO: [VRFC 10-2263] Analyzing Verilog file "C:/Users/31930/Desktop/lab4/project_1/project_1.srcs/sources_1/imports/rtl/alu.v" into library xil_defaultlib
INFO: [VRFC 10-311] analyzing module alu
INFO: [VRFC 10-2263] Analyzing Verilog file "C:/Users/31930/Desktop/lab4/project_1/project_1.srcs/sources_1/imports/rtl/aludec.v" into library xil_defaultlib
INFO: [VRFC 10-311] analyzing module aludec
INFO: [VRFC 10-2263] Analyzing Verilog file "C:/Users/31930/Desktop/lab4/project_1/project_1.srcs/sources_1/imports/rtl/controller.v" into library xil_defaultlib
INFO: [VRFC 10-311] analyzing module controller
INFO: [VRFC 10-2263] Analyzing Verilog file "C:/Users/31930/Desktop/lab4/project_1/project_1.srcs/sources_1/imports/rtl/datapath.v" into library xil_defaultlib
INFO: [VRFC 10-311] analyzing module datapath
INFO: [VRFC 10-2263] Analyzing Verilog file "C:/Users/31930/Desktop/lab4/project_1/project_1.srcs/sources_1/imports/rtl/eqcmp.v" into library xil_defaultlib
INFO: [VRFC 10-311] analyzing module eqcmp
INFO: [VRFC 10-2263] Analyzing Verilog file "C:/Users/31930/Desktop/lab4/project_1/project_1.srcs/sources_1/imports/rtl/flopenr.v" into library xil_defaultlib
INFO: [VRFC 10-311] analyzing module flopenr
INFO: [VRFC 10-2263] Analyzing Verilog file "C:/Users/31930/Desktop/lab4/project_1/project_1.srcs/sources_1/imports/rtl/flopenrc.v" into library xil_defaultlib
INFO: [VRFC 10-311] analyzing module flopenrc
INFO: [VRFC 10-2263] Analyzing Verilog file "C:/Users/31930/Desktop/lab4/project_1/project_1.srcs/sources_1/imports/rtl/flopr.v" into library xil_defaultlib
INFO: [VRFC 10-311] analyzing module flopr
INFO: [VRFC 10-2263] Analyzing Verilog file "C:/Users/31930/Desktop/lab4/project_1/project_1.srcs/sources_1/imports/rtl/floprc.v" into library xil_defaultlib
INFO: [VRFC 10-311] analyzing module floprc
INFO: [VRFC 10-2263] Analyzing Verilog file "C:/Users/31930/Desktop/lab4/project_1/project_1.srcs/sources_1/imports/rtl/hazard.v" into library xil_defaultlib
INFO: [VRFC 10-311] analyzing module hazard
INFO: [VRFC 10-2263] Analyzing Verilog file "C:/Users/31930/Desktop/lab4/rtl/myCPU/utils/instdec.v" into library xil_defaultlib
INFO: [VRFC 10-311] analyzing module instdec
INFO: [VRFC 10-2263] Analyzing Verilog file "C:/Users/31930/Desktop/lab4/project_1/project_1.srcs/sources_1/imports/rtl/maindec.v" into library xil_defaultlib
INFO: [VRFC 10-311] analyzing module maindec
INFO: [VRFC 10-2263] Analyzing Verilog file "C:/Users/31930/Desktop/lab4/project_1/project_1.srcs/sources_1/imports/rtl/mips.v" into library xil_defaultlib
INFO: [VRFC 10-311] analyzing module mips
INFO: [VRFC 10-2458] undeclared symbol branchD, assumed default net type wire [C:/Users/31930/Desktop/lab4/project_1/project_1.srcs/sources_1/imports/rtl/mips.v:42]
INFO: [VRFC 10-2458] undeclared symbol jumpD, assumed default net type wire [C:/Users/31930/Desktop/lab4/project_1/project_1.srcs/sources_1/imports/rtl/mips.v:42]
INFO: [VRFC 10-2263] Analyzing Verilog file "C:/Users/31930/Desktop/lab4/project_1/project_1.srcs/sources_1/imports/rtl/mux2.v" into library xil_defaultlib
INFO: [VRFC 10-311] analyzing module mux2
INFO: [VRFC 10-2263] Analyzing Verilog file "C:/Users/31930/Desktop/lab4/project_1/project_1.srcs/sources_1/imports/rtl/mux3.v" into library xil_defaultlib
INFO: [VRFC 10-311] analyzing module mux3
INFO: [VRFC 10-2263] Analyzing Verilog file "C:/Users/31930/Desktop/lab4/rtl/myCPU/mycpu_top.v" into library xil_defaultlib
INFO: [VRFC 10-311] analyzing module mycpu_top
INFO: [VRFC 10-2263] Analyzing Verilog file "C:/Users/31930/Desktop/lab4/project_1/project_1.srcs/sources_1/imports/rtl/pc.v" into library xil_defaultlib
INFO: [VRFC 10-311] analyzing module pc
INFO: [VRFC 10-2263] Analyzing Verilog file "C:/Users/31930/Desktop/lab4/project_1/project_1.srcs/sources_1/imports/rtl/regfile.v" into library xil_defaultlib
INFO: [VRFC 10-311] analyzing module regfile
INFO: [VRFC 10-2263] Analyzing Verilog file "C:/Users/31930/Desktop/lab4/project_1/project_1.srcs/sources_1/imports/rtl/signext.v" into library xil_defaultlib
INFO: [VRFC 10-311] analyzing module signext
INFO: [VRFC 10-2263] Analyzing Verilog file "C:/Users/31930/Desktop/lab4/project_1/project_1.srcs/sources_1/imports/rtl/sl2.v" into library xil_defaultlib
INFO: [VRFC 10-311] analyzing module sl2
INFO: [VRFC 10-2263] Analyzing Verilog file "C:/Users/31930/Desktop/lab4/rtl/top.v" into library xil_defaultlib
INFO: [VRFC 10-311] analyzing module top
INFO: [VRFC 10-2263] Analyzing Verilog file "C:/Users/31930/Desktop/lab4/sim/mycpu_tb.v" into library xil_defaultlib
INFO: [VRFC 10-311] analyzing module tb_top
INFO: [VRFC 10-2263] Analyzing Verilog file "C:/Users/31930/Desktop/lab4/project_1/project_1.sim/sim_1/behav/xsim/glbl.v" into library xil_defaultlib
INFO: [VRFC 10-311] analyzing module glbl
